\BOOKMARK [1][-]{section.1}{\376\377\000I\000n\000t\000r\000o\000d\000u\000c\000t\000i\000o\000n}{}% 1
\BOOKMARK [2][-]{subsection.1.1}{\376\377\000S\000c\000o\000p\000e\000\040\000a\000n\000d\000\040\000R\000e\000l\000e\000v\000a\000n\000c\000e\000\040\000o\000f\000\040\000R\000N\000A\000-\000s\000e\000q}{section.1}% 2
\BOOKMARK [2][-]{subsection.1.2}{\376\377\000C\000h\000a\000l\000l\000e\000n\000g\000e\000s\000\040\000i\000n\000\040\000H\000i\000g\000h\000-\000T\000h\000r\000o\000u\000g\000h\000p\000u\000t\000\040\000G\000e\000n\000e\000\040\000E\000x\000p\000r\000e\000s\000s\000i\000o\000n\000\040\000S\000t\000u\000d\000i\000e\000s}{section.1}% 3
\BOOKMARK [2][-]{subsection.1.3}{\376\377\000C\000o\000n\000c\000e\000p\000t\000u\000a\000l\000\040\000M\000o\000t\000i\000v\000a\000t\000i\000o\000n\000\040\000f\000o\000r\000\040\000D\000i\000f\000f\000e\000r\000e\000n\000t\000i\000a\000l\000\040\000E\000x\000p\000r\000e\000s\000s\000i\000o\000n\000\040\000T\000e\000s\000t\000i\000n\000g}{section.1}% 4
\BOOKMARK [2][-]{subsection.1.4}{\376\377\000R\000a\000t\000i\000o\000n\000a\000l\000e\000\040\000f\000o\000r\000\040\000T\000h\000i\000s\000\040\000R\000e\000p\000o\000r\000t\000\040\000a\000n\000d\000\040\000L\000a\000y\000o\000u\000t\000\040\000o\000f\000\040\000t\000h\000e\000\040\000D\000o\000c\000u\000m\000e\000n\000t}{section.1}% 5
\BOOKMARK [1][-]{section.2}{\376\377\000L\000i\000t\000e\000r\000a\000t\000u\000r\000e\000\040\000R\000e\000v\000i\000e\000w\000\040\000a\000n\000d\000\040\000B\000a\000c\000k\000g\000r\000o\000u\000n\000d}{}% 6
\BOOKMARK [2][-]{subsection.2.1}{\376\377\000H\000i\000s\000t\000o\000r\000i\000c\000a\000l\000\040\000E\000v\000o\000l\000u\000t\000i\000o\000n\000\040\000o\000f\000\040\000T\000r\000a\000n\000s\000c\000r\000i\000p\000t\000o\000m\000i\000c\000\040\000P\000r\000o\000f\000i\000l\000i\000n\000g}{section.2}% 7
\BOOKMARK [2][-]{subsection.2.2}{\376\377\000M\000u\000l\000t\000i\000p\000l\000e\000\040\000T\000e\000s\000t\000i\000n\000g\000\040\000a\000n\000d\000\040\000I\000t\000s\000\040\000S\000i\000g\000n\000i\000f\000i\000c\000a\000n\000c\000e\000\040\000i\000n\000\040\000O\000m\000i\000c\000s}{section.2}% 8
\BOOKMARK [2][-]{subsection.2.3}{\376\377\000T\000r\000e\000n\000d\000s\000\040\000i\000n\000\040\000L\000a\000r\000g\000e\000-\000S\000c\000a\000l\000e\000\040\000T\000r\000a\000n\000s\000c\000r\000i\000p\000t\000o\000m\000i\000c\000\040\000S\000t\000u\000d\000i\000e\000s}{section.2}% 9
\BOOKMARK [2][-]{subsection.2.4}{\376\377\000P\000o\000s\000i\000t\000i\000o\000n\000i\000n\000g\000\040\000t\000h\000e\000\040\000C\000u\000r\000r\000e\000n\000t\000\040\000S\000t\000u\000d\000y}{section.2}% 10
\BOOKMARK [1][-]{section.3}{\376\377\000M\000e\000t\000h\000o\000d\000o\000l\000o\000g\000y}{}% 11
\BOOKMARK [1][-]{section.4}{\376\377\000D\000a\000t\000a\000\040\000S\000i\000m\000u\000l\000a\000t\000i\000o\000n}{}% 12
\BOOKMARK [2][-]{subsection.4.1}{\376\377\000R\000a\000t\000i\000o\000n\000a\000l\000e\000\040\000f\000o\000r\000\040\000U\000s\000i\000n\000g\000\040\000t\000h\000e\000\040\000N\000e\000g\000a\000t\000i\000v\000e\000\040\000B\000i\000n\000o\000m\000i\000a\000l\000\040\000M\000o\000d\000e\000l}{section.4}% 13
\BOOKMARK [2][-]{subsection.4.2}{\376\377\000M\000a\000t\000h\000e\000m\000a\000t\000i\000c\000a\000l\000\040\000F\000o\000r\000m\000u\000l\000a\000t\000i\000o\000n\000\040\000o\000f\000\040\000t\000h\000e\000\040\000N\000e\000g\000a\000t\000i\000v\000e\000\040\000B\000i\000n\000o\000m\000i\000a\000l}{section.4}% 14
\BOOKMARK [2][-]{subsection.4.3}{\376\377\000B\000a\000s\000e\000l\000i\000n\000e\000\040\000M\000e\000a\000n\000\040\000E\000x\000p\000r\000e\000s\000s\000i\000o\000n\000\040\000a\000n\000d\000\040\000L\000i\000b\000r\000a\000r\000y\000\040\000S\000i\000z\000e\000\040\000V\000a\000r\000i\000a\000t\000i\000o\000n}{section.4}% 15
\BOOKMARK [2][-]{subsection.4.4}{\376\377\000A\000s\000s\000i\000g\000n\000i\000n\000g\000\040\000D\000i\000f\000f\000e\000r\000e\000n\000t\000i\000a\000l\000\040\000E\000x\000p\000r\000e\000s\000s\000i\000o\000n\000:\000\040\000P\000r\000o\000p\000o\000r\000t\000i\000o\000n\000\040\000a\000n\000d\000\040\000F\000o\000l\000d\000-\000C\000h\000a\000n\000g\000e}{section.4}% 16
\BOOKMARK [2][-]{subsection.4.5}{\376\377\000S\000a\000m\000p\000l\000e\000\040\000S\000i\000z\000e\000\040\000C\000o\000n\000s\000i\000d\000e\000r\000a\000t\000i\000o\000n\000s}{section.4}% 17
\BOOKMARK [1][-]{section.5}{\376\377\000S\000t\000u\000d\000y\000\040\000D\000e\000s\000i\000g\000n\000\040\000a\000n\000d\000\040\000R\000e\000p\000l\000i\000c\000a\000t\000e\000s}{}% 18
\BOOKMARK [1][-]{section.6}{\376\377\000G\000e\000n\000e\000r\000a\000t\000i\000n\000g\000\040\000C\000o\000u\000n\000t\000s}{}% 19
\BOOKMARK [2][-]{subsection.6.1}{\376\377\000R\000e\000l\000e\000v\000a\000n\000t\000\040\000R\000\040\000C\000o\000d\000e\000\040\000S\000n\000i\000p\000p\000e\000t}{section.6}% 20
\BOOKMARK [1][-]{section.7}{\376\377\000D\000i\000f\000f\000e\000r\000e\000n\000t\000i\000a\000l\000\040\000E\000x\000p\000r\000e\000s\000s\000i\000o\000n\000\040\000A\000n\000a\000l\000y\000s\000i\000s}{}% 21
\BOOKMARK [2][-]{subsection.7.1}{\376\377\000T\000r\000a\000n\000s\000f\000o\000r\000m\000a\000t\000i\000o\000n\000\040\000a\000n\000d\000\040\000T\000e\000s\000t\000i\000n\000g\000\040\000M\000e\000t\000h\000o\000d\000o\000l\000o\000g\000y}{section.7}% 22
\BOOKMARK [2][-]{subsection.7.2}{\376\377\000P\000-\000V\000a\000l\000u\000e\000\040\000E\000x\000t\000r\000a\000c\000t\000i\000o\000n}{section.7}% 23
\BOOKMARK [1][-]{section.8}{\376\377\000M\000u\000l\000t\000i\000p\000l\000e\000\040\000T\000e\000s\000t\000i\000n\000g\000\040\000C\000o\000r\000r\000e\000c\000t\000i\000o\000n\000s}{}% 24
\BOOKMARK [2][-]{subsection.8.1}{\376\377\000B\000e\000n\000j\000a\000m\000i\000n\000i\000-\000H\000o\000c\000h\000b\000e\000r\000g\000\040\000\050\000B\000H\000\051}{section.8}% 25
\BOOKMARK [2][-]{subsection.8.2}{\376\377\000B\000e\000n\000j\000a\000m\000i\000n\000i\000-\000Y\000e\000k\000u\000t\000i\000e\000l\000i\000\040\000\050\000B\000Y\000\051}{section.8}% 26
\BOOKMARK [2][-]{subsection.8.3}{\376\377\000S\000t\000o\000r\000e\000y\040\031\000s\000\040\000Q\000-\000V\000a\000l\000u\000e}{section.8}% 27
\BOOKMARK [2][-]{subsection.8.4}{\376\377\000C\000h\000o\000o\000s\000i\000n\000g\000\040\000t\000h\000e\000\040\000S\000i\000g\000n\000i\000f\000i\000c\000a\000n\000c\000e\000\040\000T\000h\000r\000e\000s\000h\000o\000l\000d}{section.8}% 28
\BOOKMARK [1][-]{section.9}{\376\377\000P\000e\000r\000f\000o\000r\000m\000a\000n\000c\000e\000\040\000M\000e\000t\000r\000i\000c\000s}{}% 29
\BOOKMARK [2][-]{subsection.9.1}{\376\377\000C\000o\000n\000f\000u\000s\000i\000o\000n\000\040\000M\000a\000t\000r\000i\000x\000\040\000T\000e\000r\000m\000s}{section.9}% 30
\BOOKMARK [2][-]{subsection.9.2}{\376\377\000T\000y\000p\000e\000\040\000I\000\040\000E\000r\000r\000o\000r\000\040\000a\000n\000d\000\040\000F\000D\000R}{section.9}% 31
\BOOKMARK [2][-]{subsection.9.3}{\376\377\000P\000o\000w\000e\000r\000\040\000\050\000o\000r\000\040\000S\000e\000n\000s\000i\000t\000i\000v\000i\000t\000y\000\051}{section.9}% 32
\BOOKMARK [1][-]{section.10}{\376\377\000V\000i\000s\000u\000a\000l\000i\000z\000a\000t\000i\000o\000n\000s}{}% 33
\BOOKMARK [1][-]{section.11}{\376\377\000M\000e\000t\000h\000o\000d\000o\000l\000o\000g\000i\000c\000a\000l\000\040\000R\000a\000t\000i\000o\000n\000a\000l\000e}{}% 34
\BOOKMARK [2][-]{subsection.11.1}{\376\377\000C\000h\000o\000i\000c\000e\000\040\000o\000f\000\040\000M\000o\000d\000e\000l\000\040\000a\000n\000d\000\040\000P\000a\000r\000a\000m\000e\000t\000e\000r\000s}{section.11}% 35
\BOOKMARK [2][-]{subsection.11.2}{\376\377\000C\000h\000o\000i\000c\000e\000\040\000o\000f\000\040\000M\000u\000l\000t\000i\000p\000l\000e\000\040\000T\000e\000s\000t\000i\000n\000g\000\040\000M\000e\000t\000h\000o\000d\000s}{section.11}% 36
\BOOKMARK [2][-]{subsection.11.3}{\376\377\000C\000h\000o\000i\000c\000e\000\040\000o\000f\000\040\000V\000i\000s\000u\000a\000l\000i\000z\000a\000t\000i\000o\000n\000s}{section.11}% 37
\BOOKMARK [1][-]{section.12}{\376\377\000D\000i\000s\000c\000u\000s\000s\000i\000o\000n\000\040\000o\000f\000\040\000S\000i\000m\000u\000l\000a\000t\000e\000d\000\040\000D\000a\000t\000a\000\040\000a\000n\000d\000\040\000R\000e\000s\000u\000l\000t\000s}{}% 38
\BOOKMARK [2][-]{subsection.12.1}{\376\377\000G\000e\000n\000e\000r\000a\000l\000\040\000F\000e\000a\000t\000u\000r\000e\000s\000\040\000o\000f\000\040\000t\000h\000e\000\040\000S\000i\000m\000u\000l\000a\000t\000e\000d\000\040\000D\000a\000t\000a\000s\000e\000t}{section.12}% 39
\BOOKMARK [2][-]{subsection.12.2}{\376\377\000V\000o\000l\000c\000a\000n\000o\000\040\000P\000l\000o\000t\000\040\000O\000b\000s\000e\000r\000v\000a\000t\000i\000o\000n\000s}{section.12}% 40
\BOOKMARK [2][-]{subsection.12.3}{\376\377\000T\000r\000u\000e\000\040\000v\000s\000\040\000E\000s\000t\000i\000m\000a\000t\000e\000d\000\040\000l\000o\000g\0002\000\040\000F\000C\000\040\000O\000b\000s\000e\000r\000v\000a\000t\000i\000o\000n\000s\000:}{section.12}% 41
\BOOKMARK [2][-]{subsection.12.4}{\376\377\000R\000O\000C\000\040\000C\000u\000r\000v\000e\000\040\000O\000b\000s\000e\000r\000v\000a\000t\000i\000o\000n\000s\000:}{section.12}% 42
\BOOKMARK [2][-]{subsection.12.5}{\376\377\000M\000A\000\040\000P\000l\000o\000t\000\040\000O\000b\000s\000e\000r\000v\000a\000t\000i\000o\000n\000s\000:}{section.12}% 43
\BOOKMARK [2][-]{subsection.12.6}{\376\377\000P\000C\000A\000\040\000P\000l\000o\000t\000\040\000O\000b\000s\000e\000r\000v\000a\000t\000i\000o\000n\000s\000:}{section.12}% 44
\BOOKMARK [2][-]{subsection.12.7}{\376\377\000I\000n\000s\000i\000g\000h\000t\000s\000\040\000o\000n\000\040\000L\000i\000b\000r\000a\000r\000y\000\040\000S\000i\000z\000e\000\040\000V\000a\000r\000i\000a\000t\000i\000o\000n\000\040\000a\000n\000d\000\040\000D\000i\000s\000p\000e\000r\000s\000i\000o\000n}{section.12}% 45
\BOOKMARK [2][-]{subsection.12.8}{\376\377\000C\000o\000n\000t\000e\000x\000t\000u\000a\000l\000i\000z\000i\000n\000g\000\040\000S\000u\000r\000p\000r\000i\000s\000i\000n\000g\000\040\000o\000r\000\040\000U\000n\000i\000n\000t\000u\000i\000t\000i\000v\000e\000\040\000O\000u\000t\000c\000o\000m\000e\000s}{section.12}% 46
\BOOKMARK [2][-]{subsection.12.9}{\376\377\000O\000v\000e\000r\000a\000r\000c\000h\000i\000n\000g\000\040\000N\000a\000r\000r\000a\000t\000i\000v\000e\000\040\000o\000f\000\040\000t\000h\000e\000\040\000S\000i\000m\000u\000l\000a\000t\000e\000d\000\040\000A\000n\000a\000l\000y\000s\000i\000s}{section.12}% 47
\BOOKMARK [1][-]{section.13}{\376\377\000E\000x\000a\000m\000i\000n\000a\000t\000i\000o\000n\000\040\000o\000f\000\040\000t\000h\000e\000\040\000S\000t\000a\000t\000i\000s\000t\000i\000c\000a\000l\000\040\000A\000p\000p\000r\000o\000a\000c\000h}{}% 48
\BOOKMARK [2][-]{subsection.13.1}{\376\377\000M\000u\000l\000t\000i\000p\000l\000e\000\040\000H\000y\000p\000o\000t\000h\000e\000s\000i\000s\000\040\000T\000e\000s\000t\000i\000n\000g\000\040\000M\000e\000t\000h\000o\000d\000s}{section.13}% 49
\BOOKMARK [1][-]{section.14}{\376\377\000I\000n\000t\000e\000r\000p\000r\000e\000t\000i\000n\000g\000\040\000t\000h\000e\000\040\000C\000o\000d\000e\000\040\000O\000u\000t\000p\000u\000t\000\040\000a\000n\000d\000\040\000C\000o\000n\000f\000u\000s\000i\000o\000n\000\040\000M\000a\000t\000r\000i\000x}{}% 50
\BOOKMARK [2][-]{subsection.14.1}{\376\377\000D\000e\000f\000i\000n\000i\000t\000i\000o\000n\000s}{section.14}% 51
\BOOKMARK [2][-]{subsection.14.2}{\376\377\000T\000y\000p\000e\000\040\000I\000\040\000E\000r\000r\000o\000r\000,\000\040\000F\000D\000R\000,\000\040\000a\000n\000d\000\040\000P\000o\000w\000e\000r}{section.14}% 52
\BOOKMARK [1][-]{section.15}{\376\377\000E\000x\000t\000e\000n\000d\000e\000d\000\040\000D\000i\000s\000c\000u\000s\000s\000i\000o\000n\000\040\000o\000n\000\040\000M\000u\000l\000t\000i\000p\000l\000e\000\040\000T\000e\000s\000t\000i\000n\000g\000\040\000a\000n\000d\000\040\000S\000t\000a\000t\000i\000s\000t\000i\000c\000a\000l\000\040\000I\000m\000p\000l\000i\000c\000a\000t\000i\000o\000n\000s}{}% 53
\BOOKMARK [2][-]{subsection.15.1}{\376\377\000C\000o\000r\000r\000e\000l\000a\000t\000i\000o\000n\000\040\000a\000n\000d\000\040\000D\000e\000p\000e\000n\000d\000e\000n\000c\000e\000\040\000A\000m\000o\000n\000g\000\040\000T\000e\000s\000t\000s}{section.15}% 54
\BOOKMARK [2][-]{subsection.15.2}{\376\377\000C\000o\000n\000s\000e\000r\000v\000a\000t\000i\000v\000e\000\040\000v\000s\000.\000\040\000A\000d\000a\000p\000t\000i\000v\000e\000\040\000A\000p\000p\000r\000o\000a\000c\000h\000e\000s}{section.15}% 55
